0 info it worked if it ends with ok
1 verbose cli [ '/home/ec2-user/node-v4.0.0-linux-x64/bin/node',
1 verbose cli   '/home/ec2-user/node-v4.0.0-linux-x64/bin/npm',
1 verbose cli   'start' ]
2 info using npm@2.14.2
3 info using node@v4.0.0
4 verbose run-script [ 'prestart', 'start', 'poststart' ]
5 info prestart seek-health.us@1.0.0
6 verbose unsafe-perm in lifecycle true
7 info start seek-health.us@1.0.0
8 verbose unsafe-perm in lifecycle true
9 info seek-health.us@1.0.0 Failed to exec start script
10 verbose stack Error: seek-health.us@1.0.0 start: `http-server -a 0.0.0.0 -p 8000`
10 verbose stack Exit status 1
10 verbose stack     at EventEmitter.<anonymous> (/home/ec2-user/node-v4.0.0-linux-x64/lib/node_modules/npm/lib/utils/lifecycle.js:214:16)
10 verbose stack     at emitTwo (events.js:87:13)
10 verbose stack     at EventEmitter.emit (events.js:172:7)
10 verbose stack     at ChildProcess.<anonymous> (/home/ec2-user/node-v4.0.0-linux-x64/lib/node_modules/npm/lib/utils/spawn.js:24:14)
10 verbose stack     at emitTwo (events.js:87:13)
10 verbose stack     at ChildProcess.emit (events.js:172:7)
10 verbose stack     at maybeClose (internal/child_process.js:817:16)
10 verbose stack     at Process.ChildProcess._handle.onexit (internal/child_process.js:211:5)
11 verbose pkgid seek-health.us@1.0.0
12 verbose cwd /home/ec2-user/Website/public
13 error Linux 3.14.48-33.39.amzn1.x86_64
14 error argv "/home/ec2-user/node-v4.0.0-linux-x64/bin/node" "/home/ec2-user/node-v4.0.0-linux-x64/bin/npm" "start"
15 error node v4.0.0
16 error npm  v2.14.2
17 error code ELIFECYCLE
18 error seek-health.us@1.0.0 start: `http-server -a 0.0.0.0 -p 8000`
18 error Exit status 1
19 error Failed at the seek-health.us@1.0.0 start script 'http-server -a 0.0.0.0 -p 8000'.
19 error This is most likely a problem with the seek-health.us package,
19 error not with npm itself.
19 error Tell the author that this fails on your system:
19 error     http-server -a 0.0.0.0 -p 8000
19 error You can get their info via:
19 error     npm owner ls seek-health.us
19 error There is likely additional logging output above.
20 verbose exit [ 1, true ]
